<?xml version="1.0" encoding="utf-8" standalone="no"?>
<!--This file represents the results of running a test suite-->
<test-results name="C:\Users\wellsdb\CSSE376\Stratego\Dan's Code\StrategoTest\bin\Debug\StrategoTest.exe" total="4" errors="0" failures="1" not-run="0" inconclusive="0" ignored="0" skipped="0" invalid="0" date="2013-04-11" time="08:49:49">
  <environment nunit-version="2.6.2.12296" clr-version="2.0.50727.5466" os-version="Microsoft Windows NT 6.1.7601 Service Pack 1" platform="Win32NT" cwd="C:\Program Files\NUnit 2.6.2\bin" machine-name="WELLSDB-1" user="wellsdb" user-domain="WELLSDB-1" />
  <culture-info current-culture="en-US" current-uiculture="en-US" />
  <test-suite type="Assembly" name="C:\Users\wellsdb\CSSE376\Stratego\Dan's Code\StrategoTest\bin\Debug\StrategoTest.exe" executed="True" result="Failure" success="False" time="157.699" asserts="0">
    <results>
      <test-suite type="Namespace" name="NUnitTest1" executed="True" result="Failure" success="False" time="157.697" asserts="0">
        <results>
          <test-suite type="TestFixture" name="TestMenu" executed="True" result="Failure" success="False" time="157.696" asserts="0">
            <results>
              <test-case name="NUnitTest1.TestMenu.TestBackToMenuButton" executed="True" result="Failure" success="False" time="149.652" asserts="1">
                <failure>
                  <message><![CDATA[  Expected: 2
  But was:  0
]]></message>
                  <stack-trace><![CDATA[at NUnitTest1.TestMenu.TestBackToMenuButton() in c:\Users\wellsdb\CSSE376\Stratego\Dan's Code\StrategoTest\TestMenu.cs:line 70
]]></stack-trace>
                </failure>
              </test-case>
              <test-case name="NUnitTest1.TestMenu.TestMenuButton2PHotseat" executed="True" result="Success" success="True" time="4.142" asserts="1" />
              <test-case name="NUnitTest1.TestMenu.TestMenuButtonExit" executed="True" result="Success" success="True" time="1.388" asserts="1" />
              <test-case name="NUnitTest1.TestMenu.TestMenuButtonTuitorial" executed="True" result="Success" success="True" time="2.012" asserts="1" />
            </results>
          </test-suite>
        </results>
      </test-suite>
    </results>
  </test-suite>
</test-results>