<?xml version="1.0" encoding="utf-8" standalone="no"?>
<!--This file represents the results of running a test suite-->
<test-results name="C:\Users\wellsdb\CSSE376\Stratego\Dan's Code\StrategoTest\bin\Debug\StrategoTest.exe" total="7" errors="0" failures="1" not-run="0" inconclusive="0" ignored="0" skipped="0" invalid="0" date="2013-04-11" time="00:37:06">
  <environment nunit-version="2.6.2.12296" clr-version="2.0.50727.5466" os-version="Microsoft Windows NT 6.1.7601 Service Pack 1" platform="Win32NT" cwd="C:\Program Files\NUnit 2.6.2\bin" machine-name="WELLSDB-1" user="wellsdb" user-domain="WELLSDB-1" />
  <culture-info current-culture="en-US" current-uiculture="en-US" />
  <test-suite type="Assembly" name="C:\Users\wellsdb\CSSE376\Stratego\Dan's Code\StrategoTest\bin\Debug\StrategoTest.exe" executed="True" result="Failure" success="False" time="36.396" asserts="0">
    <results>
      <test-suite type="Namespace" name="NUnitTest1" executed="True" result="Failure" success="False" time="36.395" asserts="0">
        <results>
          <test-suite type="TestFixture" name="TestFixture1" executed="True" result="Failure" success="False" time="16.018" asserts="0">
            <results>
              <test-case name="NUnitTest1.TestFixture1.TestBoardInitializes" executed="True" result="Success" success="True" time="0.002" asserts="101" />
              <test-case name="NUnitTest1.TestFixture1.TestThatArrayRemainsUnchangedIfNoInput" executed="True" result="Success" success="True" time="11.859" asserts="100" />
              <test-case name="NUnitTest1.TestFixture1.TestThatClickChangesArray" executed="True" result="Failure" success="False" time="4.133" asserts="12">
                <failure>
                  <message><![CDATA[  Expected: 10
  But was:  0
]]></message>
                  <stack-trace><![CDATA[at NUnitTest1.TestFixture1.TestThatClickChangesArray() in c:\Users\wellsdb\CSSE376\Stratego\Dan's Code\StrategoTest\TestStratego.cs:line 72
]]></stack-trace>
                </failure>
              </test-case>
            </results>
          </test-suite>
          <test-suite type="TestFixture" name="TestMenu" executed="True" result="Success" success="True" time="20.345" asserts="0">
            <results>
              <test-case name="NUnitTest1.TestMenu.TestBackToMenuButton" executed="True" result="Success" success="True" time="9.780" asserts="1" />
              <test-case name="NUnitTest1.TestMenu.TestMenuButton2PHotseat" executed="True" result="Success" success="True" time="3.696" asserts="1" />
              <test-case name="NUnitTest1.TestMenu.TestMenuButtonExit" executed="True" result="Success" success="True" time="2.303" asserts="1" />
              <test-case name="NUnitTest1.TestMenu.TestMenuButtonTuitorial" executed="True" result="Success" success="True" time="4.539" asserts="1" />
            </results>
          </test-suite>
        </results>
      </test-suite>
    </results>
  </test-suite>
</test-results>